<?xml version="1.0" encoding="UTF-8"?>
<!-- Generated by org.testng.reporters.JUnitReportReporter -->
<testsuite hostname="DESKTOP-M3L8S9E" failures="0" tests="1" name="DemoOrangeHRMPrograms.OHRMLoginTestNG" time="3.402" errors="0" timestamp="2024-06-02T01:38:05 IST" skipped="0">
  <testcase classname="DemoOrangeHRMPrograms.OHRMLoginTestNG" name="cartItem" time="3.402"/>
</testsuite> <!-- DemoOrangeHRMPrograms.OHRMLoginTestNG -->
